<?xml version="1.0" encoding="UTF-8"?>
<robot generator="Robot 3.0.4 (Python 3.6.4 on win32)" generated="20180823 16:56:26.454">
<suite id="s1" name="TestRF1" source="E:\PythonWorkspace\TestRF1">
<suite id="s1-s1" name="Demo Rf" source="E:\PythonWorkspace\TestRF1\demo_rf.robot">
<test id="s1-s1-t1" name="调用瓜子查询工单接口（get）">
<kw name="Create Session" library="RequestsLibrary">
<doc>Create Session: create a HTTP session to a server</doc>
<arguments>
<arg>瓜子工单查询</arg>
<arg>http://workorder2016.lunztech.cn</arg>
</arguments>
<msg timestamp="20180823 16:56:26.708" level="INFO">Creating Session using : alias=瓜子工单查询, url=http://workorder2016.lunztech.cn, headers={},                     cookies=None, auth=None, timeout=None, proxies=None, verify=False,                     debug=0 </msg>
<status status="PASS" starttime="20180823 16:56:26.708" endtime="20180823 16:56:26.708"></status>
</kw>
<kw name="Create Dictionary" library="BuiltIn">
<doc>Creates and returns a dictionary based on the given ``items``.</doc>
<arguments>
<arg>appkey=CB4A40DE-2E86-47BE-89BE-FEE881A53447</arg>
</arguments>
<assign>
<var>${dic_headers2}</var>
</assign>
<msg timestamp="20180823 16:56:26.709" level="INFO">${dic_headers2} = {'appkey': 'CB4A40DE-2E86-47BE-89BE-FEE881A53447'}</msg>
<status status="PASS" starttime="20180823 16:56:26.709" endtime="20180823 16:56:26.709"></status>
</kw>
<kw name="Create Dictionary" library="BuiltIn">
<doc>Creates and returns a dictionary based on the given ``items``.</doc>
<arguments>
<arg>worksheet_id=18082118480220121</arg>
</arguments>
<assign>
<var>${dic_param2}</var>
</assign>
<msg timestamp="20180823 16:56:26.710" level="INFO">${dic_param2} = {'worksheet_id': '18082118480220121'}</msg>
<status status="PASS" starttime="20180823 16:56:26.709" endtime="20180823 16:56:26.710"></status>
</kw>
<kw name="Get Request" library="RequestsLibrary">
<doc>Send a GET request on the session object found using the</doc>
<arguments>
<arg>瓜子工单查询</arg>
<arg>/api/OutwardInterface/GetAllOrderInfoByAppCode</arg>
<arg>params=${dic_param2}</arg>
<arg>headers=${dic_headers2}</arg>
<arg>timeout=5</arg>
</arguments>
<assign>
<var>${dic_resp2}</var>
</assign>
<msg timestamp="20180823 16:56:27.349" level="INFO">Get Request using : alias=瓜子工单查询, uri=/api/OutwardInterface/GetAllOrderInfoByAppCode, headers={'appkey': 'CB4A40DE-2E86-47BE-89BE-FEE881A53447'} json=None</msg>
<msg timestamp="20180823 16:56:27.349" level="INFO">${dic_resp2} = &lt;Response [200]&gt;</msg>
<status status="PASS" starttime="20180823 16:56:26.710" endtime="20180823 16:56:27.349"></status>
</kw>
<kw name="Log" library="BuiltIn">
<doc>Logs the given message with the given level.</doc>
<arguments>
<arg>${dic_resp2.content}</arg>
</arguments>
<msg timestamp="20180823 16:56:27.351" level="INFO">{"code":0,"message":"","success":true,"data":{"worksheet_id":"18082118480220121","worksheet_status":"\xe7\xad\x89\xe5\xbe\x85\xe6\xb4\xbe\xe5\x8d\x95","gps":[],"install_image":[],"step_info":[{"step_status":"100110","step_person":"\xe6\x9d\xa8\xe5\x86\xb0\xe6\xb4\x81ybj","step_phone":"13105327510","step_name":"\xe6\x96\xb0\xe5\xa2\x9e","step_time":"2018-08-21 18:48:02"},{"step_status":"100120","step_person":"\xe5\x88\x98\xe9\x9c\x9e","step_phone":"15063998929","step_name":"\xe7\xad\x89\xe5\xbe\x85\xe6\xb4\xbe\xe5\x8d\x95","step_time":null}]}}</msg>
<status status="PASS" starttime="20180823 16:56:27.350" endtime="20180823 16:56:27.351"></status>
</kw>
<status status="PASS" starttime="20180823 16:56:26.705" endtime="20180823 16:56:27.352" critical="yes"></status>
</test>
<status status="PASS" starttime="20180823 16:56:26.509" endtime="20180823 16:56:27.353"></status>
</suite>
<status status="PASS" starttime="20180823 16:56:26.478" endtime="20180823 16:56:27.356"></status>
</suite>
<statistics>
<total>
<stat pass="1" fail="0">Critical Tests</stat>
<stat pass="1" fail="0">All Tests</stat>
</total>
<tag>
</tag>
<suite>
<stat pass="1" fail="0" id="s1" name="TestRF1">TestRF1</stat>
<stat pass="1" fail="0" id="s1-s1" name="Demo Rf">TestRF1.Demo Rf</stat>
</suite>
</statistics>
<errors>
</errors>
</robot>
